2025-03-29 09:43:26 INFO  TC_AccountRegistrationTest:13 - **********starting tc001_Accountregistrationtest*****
2025-03-29 09:43:26 INFO  TC_AccountRegistrationTest:19 - Click on MyAccount Link
2025-03-29 09:43:27 INFO  TC_AccountRegistrationTest:21 - Click on Register Link
2025-03-29 09:43:27 INFO  TC_AccountRegistrationTest:25 - Providing customer details..
2025-03-29 09:43:28 INFO  TC_AccountRegistrationTest:37 - validating expected message..
2025-03-29 09:43:32 INFO  TC_LoginTest:17 - ***Starting TC02_LoginTest****
2025-03-29 09:50:25 INFO  TC_AccountRegistrationTest:13 - **********starting tc001_Accountregistrationtest*****
2025-03-29 09:50:25 INFO  TC_AccountRegistrationTest:19 - Click on MyAccount Link
2025-03-29 09:50:25 INFO  TC_AccountRegistrationTest:21 - Click on Register Link
2025-03-29 09:50:25 INFO  TC_AccountRegistrationTest:25 - Providing customer details..
2025-03-29 09:50:27 INFO  TC_AccountRegistrationTest:37 - validating expected message..
2025-03-29 09:50:30 INFO  TC_LoginTest:17 - ***Starting TC02_LoginTest****
2025-03-29 09:51:58 INFO  TC_LoginTest:17 - ***Starting TC02_LoginTest****
2025-03-29 10:12:07 INFO  TC_LoginTest:17 - ***Starting TC02_LoginTest****
2025-03-29 10:13:33 INFO  TC_LoginTest:17 - ***Starting TC02_LoginTest****
2025-03-29 10:15:13 INFO  TC_LoginTest:17 - ***Starting TC02_LoginTest****
2025-03-29 10:18:18 INFO  TC_LoginTest:17 - ***Starting TC02_LoginTest****
2025-03-29 10:20:18 INFO  TC_LoginTest:17 - ***Starting TC02_LoginTest****
2025-03-29 10:21:29 INFO  TC_LoginTest:17 - ***Starting TC02_LoginTest****
2025-03-29 10:23:08 INFO  TC_AccountRegistrationTest:13 - **********starting tc001_Accountregistrationtest*****
2025-03-29 10:23:08 INFO  TC_AccountRegistrationTest:19 - Click on MyAccount Link
2025-03-29 10:23:08 INFO  TC_AccountRegistrationTest:21 - Click on Register Link
2025-03-29 10:23:08 INFO  TC_AccountRegistrationTest:25 - Providing customer details..
2025-03-29 10:23:10 INFO  TC_AccountRegistrationTest:37 - validating expected message..
2025-03-29 10:23:13 INFO  TC_LoginTest:17 - ***Starting TC02_LoginTest****
2025-03-29 10:24:19 INFO  TC_AccountRegistrationTest:13 - **********starting tc001_Accountregistrationtest*****
2025-03-29 10:24:19 INFO  TC_AccountRegistrationTest:19 - Click on MyAccount Link
2025-03-29 10:24:20 INFO  TC_AccountRegistrationTest:21 - Click on Register Link
2025-03-29 10:24:20 INFO  TC_AccountRegistrationTest:25 - Providing customer details..
2025-03-29 10:24:21 INFO  TC_AccountRegistrationTest:37 - validating expected message..
2025-03-29 10:24:24 INFO  TC_LoginTest:17 - ***Starting TC02_LoginTest****
2025-03-29 10:25:02 INFO  TC_AccountRegistrationTest:13 - **********starting tc001_Accountregistrationtest*****
2025-03-29 10:25:02 INFO  TC_AccountRegistrationTest:19 - Click on MyAccount Link
2025-03-29 10:25:03 INFO  TC_AccountRegistrationTest:21 - Click on Register Link
2025-03-29 10:25:03 INFO  TC_AccountRegistrationTest:25 - Providing customer details..
2025-03-29 10:25:07 INFO  TC_AccountRegistrationTest:37 - validating expected message..
2025-03-29 10:25:10 INFO  TC_LoginTest:17 - ***Starting TC02_LoginTest****
2025-03-29 10:33:02 INFO  TC_AccountRegistrationTest:13 - **********starting tc001_Accountregistrationtest*****
2025-03-29 10:33:02 INFO  TC_AccountRegistrationTest:19 - Click on MyAccount Link
2025-03-29 10:33:03 INFO  TC_AccountRegistrationTest:21 - Click on Register Link
2025-03-29 10:33:03 INFO  TC_AccountRegistrationTest:25 - Providing customer details..
2025-03-29 10:33:04 INFO  TC_AccountRegistrationTest:37 - validating expected message..
2025-03-29 10:33:07 INFO  TC_LoginTest:17 - ***Starting TC02_LoginTest****
2025-03-29 10:33:46 INFO  TC_AccountRegistrationTest:13 - **********starting tc001_Accountregistrationtest*****
2025-03-29 10:33:46 INFO  TC_AccountRegistrationTest:19 - Click on MyAccount Link
2025-03-29 10:33:47 INFO  TC_AccountRegistrationTest:21 - Click on Register Link
2025-03-29 10:33:47 INFO  TC_AccountRegistrationTest:25 - Providing customer details..
2025-03-29 10:33:48 INFO  TC_AccountRegistrationTest:37 - validating expected message..
2025-03-29 10:33:52 INFO  TC_LoginTest:17 - ***Starting TC02_LoginTest****
2025-03-29 10:34:33 INFO  TC_AccountRegistrationTest:13 - **********starting tc001_Accountregistrationtest*****
2025-03-29 10:34:33 INFO  TC_AccountRegistrationTest:19 - Click on MyAccount Link
2025-03-29 10:34:33 INFO  TC_AccountRegistrationTest:21 - Click on Register Link
2025-03-29 10:34:33 INFO  TC_AccountRegistrationTest:25 - Providing customer details..
2025-03-29 10:34:34 INFO  TC_AccountRegistrationTest:37 - validating expected message..
2025-03-29 10:35:45 INFO  TC_AccountRegistrationTest:13 - **********starting tc001_Accountregistrationtest*****
2025-03-29 10:35:45 INFO  TC_AccountRegistrationTest:19 - Click on MyAccount Link
2025-03-29 10:35:46 INFO  TC_AccountRegistrationTest:21 - Click on Register Link
2025-03-29 10:35:46 INFO  TC_AccountRegistrationTest:25 - Providing customer details..
2025-03-29 10:35:47 INFO  TC_AccountRegistrationTest:37 - validating expected message..
2025-03-29 10:35:51 INFO  TC_LoginTest:17 - ***Starting TC02_LoginTest****
2025-03-29 10:36:29 INFO  TC_AccountRegistrationTest:13 - **********starting tc001_Accountregistrationtest*****
2025-03-29 10:36:29 INFO  TC_AccountRegistrationTest:19 - Click on MyAccount Link
2025-03-29 10:36:30 INFO  TC_AccountRegistrationTest:21 - Click on Register Link
2025-03-29 10:36:30 INFO  TC_AccountRegistrationTest:25 - Providing customer details..
2025-03-29 10:36:32 INFO  TC_AccountRegistrationTest:37 - validating expected message..
2025-03-29 10:36:35 INFO  TC_LoginTest:17 - ***Starting TC02_LoginTest****
2025-03-29 11:39:23 INFO  TC_AccountRegistrationTest:13 - **********starting tc001_Accountregistrationtest*****
2025-03-29 11:39:23 INFO  TC_AccountRegistrationTest:19 - Click on MyAccount Link
2025-03-29 11:39:24 INFO  TC_AccountRegistrationTest:21 - Click on Register Link
2025-03-29 11:39:24 INFO  TC_AccountRegistrationTest:25 - Providing customer details..
2025-03-29 11:39:25 INFO  TC_AccountRegistrationTest:37 - validating expected message..
2025-03-29 11:39:28 INFO  TC_LoginTest:17 - ***Starting TC02_LoginTest****
2025-03-29 11:39:30 INFO  TC_LoginTest:38 - ****Finished TC_002LoginTest********
2025-03-29 11:45:49 INFO  TC_AccountRegistrationTest:13 - **********starting tc001_Accountregistrationtest*****
2025-03-29 11:45:49 INFO  TC_AccountRegistrationTest:19 - Click on MyAccount Link
2025-03-29 11:45:49 INFO  TC_AccountRegistrationTest:21 - Click on Register Link
2025-03-29 11:45:49 INFO  TC_AccountRegistrationTest:25 - Providing customer details..
2025-03-29 11:45:51 INFO  TC_AccountRegistrationTest:37 - validating expected message..
2025-03-29 11:45:54 INFO  TC_LoginTest:17 - ***Starting TC02_LoginTest****
2025-03-29 11:45:55 INFO  TC_LoginTest:38 - ****Finished TC_002LoginTest********
